<?xml version="1.0" encoding="UTF-8"?>
<!-- Generated by org.testng.reporters.JUnitXMLReporter -->
<testsuite hostname="DESKTOP-OQ9VIQI" failures="0" tests="3" name="Test" time="0.057" errors="0" timestamp="11 Jul 2022 18:33:10 GMT">
  <testcase classname="org_ActiTime_LoginPage.Login_Test" name="main" time="0.0">
    <skipped/>
  </testcase> <!-- main -->
  <testcase classname="org_ActiTime_LoginPage.Login_Test" name="test1" time="0.0">
    <skipped/>
  </testcase> <!-- test1 -->
  <testcase classname="org_ActiTime_LoginPage.Login_Test" name="dataVerify" time="0.0">
    <skipped/>
  </testcase> <!-- dataVerify -->
</testsuite> <!-- Test -->
