<?xml version="1.0" encoding="UTF-8"?>
<testng-results ignored="0" total="2" passed="2" failed="0" skipped="0">
  <reporter-output>
  </reporter-output>
  <suite started-at="2022-07-14T06:25:08 IST" name="Default suite" finished-at="2022-07-14T06:25:30 IST" duration-ms="22213">
    <groups>
    </groups>
    <test started-at="2022-07-14T06:25:08 IST" name="Default test" finished-at="2022-07-14T06:25:30 IST" duration-ms="22213">
      <class name="actiTime_Test.actiTimeTest">
        <test-method is-config="true" signature="initBrowser()[pri:0, instance:actiTime_Test.actiTimeTest@1bd4fdd]" started-at="2022-07-14T06:24:59 IST" name="initBrowser" finished-at="2022-07-14T06:25:08 IST" duration-ms="8069" status="PASS">
          <reporter-output>
          </reporter-output>
        </test-method> <!-- initBrowser -->
        <test-method signature="loginTC()[pri:0, instance:actiTime_Test.actiTimeTest@1bd4fdd]" started-at="2022-07-14T06:25:08 IST" name="loginTC" finished-at="2022-07-14T06:25:08 IST" duration-ms="815" status="PASS">
          <reporter-output>
          </reporter-output>
        </test-method> <!-- loginTC -->
        <test-method signature="verifiLoginTc()[pri:0, instance:actiTime_Test.actiTimeTest@1bd4fdd]" started-at="2022-07-14T06:25:08 IST" name="verifiLoginTc" finished-at="2022-07-14T06:25:30 IST" duration-ms="21317" status="PASS">
          <reporter-output>
          </reporter-output>
        </test-method> <!-- verifiLoginTc -->
      </class> <!-- actiTime_Test.actiTimeTest -->
    </test> <!-- Default test -->
  </suite> <!-- Default suite -->
</testng-results>
